
2018-07-24 11:06:19
[INFO]-[Thread: main]-[org.jleopard.core.sql.SelectSql.getSql()]:  生成的sql语句: select ID,NAME,PHONE,ADDRESS from user
   where ID=? and NAME=? and PHONE=? and ADDRESS=? 

2018-07-24 11:22:44
[ERROR]-[Thread: main]-[org.jleopard.xml.XmlFactoryBuilder.<init>()]: 解析xml 出错了...
java.io.FileNotFoundException: http://jleopard.org/dtd/jleopard.dtd
	at sun.net.www.protocol.http.HttpURLConnection.getInputStream0(HttpURLConnection.java:1890)
	at sun.net.www.protocol.http.HttpURLConnection.getInputStream(HttpURLConnection.java:1492)
	at com.sun.org.apache.xerces.internal.impl.XMLEntityManager.setupCurrentEntity(XMLEntityManager.java:647)
	at com.sun.org.apache.xerces.internal.impl.XMLEntityManager.startEntity(XMLEntityManager.java:1304)
	at com.sun.org.apache.xerces.internal.impl.XMLEntityManager.startDTDEntity(XMLEntityManager.java:1270)
	at com.sun.org.apache.xerces.internal.impl.XMLDTDScannerImpl.setInputSource(XMLDTDScannerImpl.java:264)
	at com.sun.org.apache.xerces.internal.impl.XMLDocumentScannerImpl$DTDDriver.dispatch(XMLDocumentScannerImpl.java:1161)
	at com.sun.org.apache.xerces.internal.impl.XMLDocumentScannerImpl$DTDDriver.next(XMLDocumentScannerImpl.java:1045)
	at com.sun.org.apache.xerces.internal.impl.XMLDocumentScannerImpl$PrologDriver.next(XMLDocumentScannerImpl.java:959)
	at com.sun.org.apache.xerces.internal.impl.XMLDocumentScannerImpl.next(XMLDocumentScannerImpl.java:602)
	at com.sun.org.apache.xerces.internal.impl.XMLDocumentFragmentScannerImpl.scanDocument(XMLDocumentFragmentScannerImpl.java:505)
	at com.sun.org.apache.xerces.internal.parsers.XML11Configuration.parse(XML11Configuration.java:842)
	at com.sun.org.apache.xerces.internal.parsers.XML11Configuration.parse(XML11Configuration.java:771)
	at com.sun.org.apache.xerces.internal.parsers.XMLParser.parse(XMLParser.java:141)
	at com.sun.org.apache.xerces.internal.parsers.AbstractSAXParser.parse(AbstractSAXParser.java:1213)
	at com.sun.org.apache.xerces.internal.jaxp.SAXParserImpl$JAXPSAXParser.parse(SAXParserImpl.java:643)
	at com.sun.org.apache.xerces.internal.jaxp.SAXParserImpl.parse(SAXParserImpl.java:327)
	at javax.xml.parsers.SAXParser.parse(SAXParser.java:328)
	at org.jleopard.xml.XmlFactoryBuilder.<init>(XmlFactoryBuilder.java:59)
	at org.jleopard.core.Factory.getConfiguration(Factory.java:41)
	at org.jleopard.core.Factory.getSessionFactory(Factory.java:19)
	at org.jleopard.jleopard.ApplicationTest.SqlTest(ApplicationTest.java:57)
	at sun.reflect.NativeMethodAccessorImpl.invoke0(Native Method)
	at sun.reflect.NativeMethodAccessorImpl.invoke(NativeMethodAccessorImpl.java:62)
	at sun.reflect.DelegatingMethodAccessorImpl.invoke(DelegatingMethodAccessorImpl.java:43)
	at java.lang.reflect.Method.invoke(Method.java:498)
	at org.junit.runners.model.FrameworkMethod$1.runReflectiveCall(FrameworkMethod.java:50)
	at org.junit.internal.runners.model.ReflectiveCallable.run(ReflectiveCallable.java:12)
	at org.junit.runners.model.FrameworkMethod.invokeExplosively(FrameworkMethod.java:47)
	at org.junit.internal.runners.statements.InvokeMethod.evaluate(InvokeMethod.java:17)
	at org.junit.runners.ParentRunner.runLeaf(ParentRunner.java:325)
	at org.junit.runners.BlockJUnit4ClassRunner.runChild(BlockJUnit4ClassRunner.java:78)
	at org.junit.runners.BlockJUnit4ClassRunner.runChild(BlockJUnit4ClassRunner.java:57)
	at org.junit.runners.ParentRunner$3.run(ParentRunner.java:290)
	at org.junit.runners.ParentRunner$1.schedule(ParentRunner.java:71)
	at org.junit.runners.ParentRunner.runChildren(ParentRunner.java:288)
	at org.junit.runners.ParentRunner.access$000(ParentRunner.java:58)
	at org.junit.runners.ParentRunner$2.evaluate(ParentRunner.java:268)
	at org.junit.runners.ParentRunner.run(ParentRunner.java:363)
	at org.eclipse.jdt.internal.junit4.runner.JUnit4TestReference.run(JUnit4TestReference.java:86)
	at org.eclipse.jdt.internal.junit.runner.TestExecution.run(TestExecution.java:38)
	at org.eclipse.jdt.internal.junit.runner.RemoteTestRunner.runTests(RemoteTestRunner.java:538)
	at org.eclipse.jdt.internal.junit.runner.RemoteTestRunner.runTests(RemoteTestRunner.java:760)
	at org.eclipse.jdt.internal.junit.runner.RemoteTestRunner.run(RemoteTestRunner.java:460)
	at org.eclipse.jdt.internal.junit.runner.RemoteTestRunner.main(RemoteTestRunner.java:206)

2018-07-24 11:28:47
[ERROR]-[Thread: main]-[org.jleopard.xml.XmlFactoryBuilder.instanceBean()]: bean注入失败...
java.lang.NoSuchFieldException: driver
	at java.lang.Class.getDeclaredField(Class.java:2070)
	at org.jleopard.xml.XmlFactoryBuilder.instanceBean(XmlFactoryBuilder.java:127)
	at org.jleopard.xml.XmlFactoryBuilder.access$1(XmlFactoryBuilder.java:122)
	at org.jleopard.xml.XmlFactoryBuilder$1.endElement(XmlFactoryBuilder.java:99)
	at com.sun.org.apache.xerces.internal.parsers.AbstractSAXParser.endElement(AbstractSAXParser.java:609)
	at com.sun.org.apache.xerces.internal.impl.dtd.XMLDTDValidator.endNamespaceScope(XMLDTDValidator.java:2054)
	at com.sun.org.apache.xerces.internal.impl.dtd.XMLDTDValidator.handleEndElement(XMLDTDValidator.java:2005)
	at com.sun.org.apache.xerces.internal.impl.dtd.XMLDTDValidator.endElement(XMLDTDValidator.java:879)
	at com.sun.org.apache.xerces.internal.impl.XMLDocumentFragmentScannerImpl.scanEndElement(XMLDocumentFragmentScannerImpl.java:1782)
	at com.sun.org.apache.xerces.internal.impl.XMLDocumentFragmentScannerImpl$FragmentContentDriver.next(XMLDocumentFragmentScannerImpl.java:2967)
	at com.sun.org.apache.xerces.internal.impl.XMLDocumentScannerImpl.next(XMLDocumentScannerImpl.java:602)
	at com.sun.org.apache.xerces.internal.impl.XMLDocumentFragmentScannerImpl.scanDocument(XMLDocumentFragmentScannerImpl.java:505)
	at com.sun.org.apache.xerces.internal.parsers.XML11Configuration.parse(XML11Configuration.java:842)
	at com.sun.org.apache.xerces.internal.parsers.XML11Configuration.parse(XML11Configuration.java:771)
	at com.sun.org.apache.xerces.internal.parsers.XMLParser.parse(XMLParser.java:141)
	at com.sun.org.apache.xerces.internal.parsers.AbstractSAXParser.parse(AbstractSAXParser.java:1213)
	at com.sun.org.apache.xerces.internal.jaxp.SAXParserImpl$JAXPSAXParser.parse(SAXParserImpl.java:643)
	at com.sun.org.apache.xerces.internal.jaxp.SAXParserImpl.parse(SAXParserImpl.java:327)
	at javax.xml.parsers.SAXParser.parse(SAXParser.java:328)
	at org.jleopard.xml.XmlFactoryBuilder.<init>(XmlFactoryBuilder.java:59)
	at org.jleopard.core.Factory.getConfiguration(Factory.java:41)
	at org.jleopard.core.Factory.getSessionFactory(Factory.java:19)
	at org.jleopard.jleopard.ApplicationTest.SqlTest(ApplicationTest.java:57)
	at sun.reflect.NativeMethodAccessorImpl.invoke0(Native Method)
	at sun.reflect.NativeMethodAccessorImpl.invoke(NativeMethodAccessorImpl.java:62)
	at sun.reflect.DelegatingMethodAccessorImpl.invoke(DelegatingMethodAccessorImpl.java:43)
	at java.lang.reflect.Method.invoke(Method.java:498)
	at org.junit.runners.model.FrameworkMethod$1.runReflectiveCall(FrameworkMethod.java:50)
	at org.junit.internal.runners.model.ReflectiveCallable.run(ReflectiveCallable.java:12)
	at org.junit.runners.model.FrameworkMethod.invokeExplosively(FrameworkMethod.java:47)
	at org.junit.internal.runners.statements.InvokeMethod.evaluate(InvokeMethod.java:17)
	at org.junit.runners.ParentRunner.runLeaf(ParentRunner.java:325)
	at org.junit.runners.BlockJUnit4ClassRunner.runChild(BlockJUnit4ClassRunner.java:78)
	at org.junit.runners.BlockJUnit4ClassRunner.runChild(BlockJUnit4ClassRunner.java:57)
	at org.junit.runners.ParentRunner$3.run(ParentRunner.java:290)
	at org.junit.runners.ParentRunner$1.schedule(ParentRunner.java:71)
	at org.junit.runners.ParentRunner.runChildren(ParentRunner.java:288)
	at org.junit.runners.ParentRunner.access$000(ParentRunner.java:58)
	at org.junit.runners.ParentRunner$2.evaluate(ParentRunner.java:268)
	at org.junit.runners.ParentRunner.run(ParentRunner.java:363)
	at org.eclipse.jdt.internal.junit4.runner.JUnit4TestReference.run(JUnit4TestReference.java:86)
	at org.eclipse.jdt.internal.junit.runner.TestExecution.run(TestExecution.java:38)
	at org.eclipse.jdt.internal.junit.runner.RemoteTestRunner.runTests(RemoteTestRunner.java:538)
	at org.eclipse.jdt.internal.junit.runner.RemoteTestRunner.runTests(RemoteTestRunner.java:760)
	at org.eclipse.jdt.internal.junit.runner.RemoteTestRunner.run(RemoteTestRunner.java:460)
	at org.eclipse.jdt.internal.junit.runner.RemoteTestRunner.main(RemoteTestRunner.java:206)

2018-07-24 11:28:47
[ERROR]-[Thread: main]-[org.jleopard.xml.XmlFactoryBuilder.instanceBean()]: bean注入失败...
java.lang.NoSuchFieldException: driver
	at java.lang.Class.getDeclaredField(Class.java:2070)
	at org.jleopard.xml.XmlFactoryBuilder.instanceBean(XmlFactoryBuilder.java:127)
	at org.jleopard.xml.XmlFactoryBuilder.access$1(XmlFactoryBuilder.java:122)
	at org.jleopard.xml.XmlFactoryBuilder$XmlFactory.getBean(XmlFactoryBuilder.java:149)
	at org.jleopard.xml.XmlFactoryBuilder$XmlFactory.getDataSource(XmlFactoryBuilder.java:164)
	at org.jleopard.xml.XmlFactoryBuilder$XmlFactory.getConfiguration(XmlFactoryBuilder.java:175)
	at org.jleopard.core.Factory.getConfiguration(Factory.java:43)
	at org.jleopard.core.Factory.getSessionFactory(Factory.java:19)
	at org.jleopard.jleopard.ApplicationTest.SqlTest(ApplicationTest.java:57)
	at sun.reflect.NativeMethodAccessorImpl.invoke0(Native Method)
	at sun.reflect.NativeMethodAccessorImpl.invoke(NativeMethodAccessorImpl.java:62)
	at sun.reflect.DelegatingMethodAccessorImpl.invoke(DelegatingMethodAccessorImpl.java:43)
	at java.lang.reflect.Method.invoke(Method.java:498)
	at org.junit.runners.model.FrameworkMethod$1.runReflectiveCall(FrameworkMethod.java:50)
	at org.junit.internal.runners.model.ReflectiveCallable.run(ReflectiveCallable.java:12)
	at org.junit.runners.model.FrameworkMethod.invokeExplosively(FrameworkMethod.java:47)
	at org.junit.internal.runners.statements.InvokeMethod.evaluate(InvokeMethod.java:17)
	at org.junit.runners.ParentRunner.runLeaf(ParentRunner.java:325)
	at org.junit.runners.BlockJUnit4ClassRunner.runChild(BlockJUnit4ClassRunner.java:78)
	at org.junit.runners.BlockJUnit4ClassRunner.runChild(BlockJUnit4ClassRunner.java:57)
	at org.junit.runners.ParentRunner$3.run(ParentRunner.java:290)
	at org.junit.runners.ParentRunner$1.schedule(ParentRunner.java:71)
	at org.junit.runners.ParentRunner.runChildren(ParentRunner.java:288)
	at org.junit.runners.ParentRunner.access$000(ParentRunner.java:58)
	at org.junit.runners.ParentRunner$2.evaluate(ParentRunner.java:268)
	at org.junit.runners.ParentRunner.run(ParentRunner.java:363)
	at org.eclipse.jdt.internal.junit4.runner.JUnit4TestReference.run(JUnit4TestReference.java:86)
	at org.eclipse.jdt.internal.junit.runner.TestExecution.run(TestExecution.java:38)
	at org.eclipse.jdt.internal.junit.runner.RemoteTestRunner.runTests(RemoteTestRunner.java:538)
	at org.eclipse.jdt.internal.junit.runner.RemoteTestRunner.runTests(RemoteTestRunner.java:760)
	at org.eclipse.jdt.internal.junit.runner.RemoteTestRunner.run(RemoteTestRunner.java:460)
	at org.eclipse.jdt.internal.junit.runner.RemoteTestRunner.main(RemoteTestRunner.java:206)

2018-07-24 11:32:16
[ERROR]-[Thread: main]-[org.jleopard.core.util.TableUtil.showAllTableName()]: 获取数据库连接失败..

2018-07-24 11:33:47
[INFO]-[Thread: main]-[org.jleopard.core.sql.SelectSql.getSql()]:  生成的sql语句: select id,name,user_id from article
   where id=? and name=? and user_id=? 

2018-07-24 11:33:47
[INFO]-[Thread: main]-[org.jleopard.session.sessionFactory.SessionDirectImpl.Get()]: 当前执行的sql语句: 
select id,name,user_id from article
   where id=? and name=? and user_id=? 

2018-07-24 11:34:32
[INFO]-[Thread: main]-[org.jleopard.core.sql.InsertSql.getSql()]:  生成的sql语句: insert into article(id,name,user_id) 
    values(?,?,?)

2018-07-24 11:34:32
[INFO]-[Thread: main]-[org.jleopard.session.sessionFactory.SessionDirectImpl.Save()]: 当前执行的sql语句: 
insert into article(id,name,user_id) 
    values(?,?,?)

2018-07-24 11:35:29
[INFO]-[Thread: main]-[org.jleopard.core.sql.InsertSql.getSql()]:  生成的sql语句: insert into user(ID,NAME,PHONE,ADDRESS) 
    values(?,?,?,?)

2018-07-24 11:35:29
[INFO]-[Thread: main]-[org.jleopard.session.sessionFactory.SessionDirectImpl.Save()]: 当前执行的sql语句: 
insert into user(ID,NAME,PHONE,ADDRESS) 
    values(?,?,?,?)

2018-07-24 11:35:53
[INFO]-[Thread: main]-[org.jleopard.core.sql.InsertSql.getSql()]:  生成的sql语句: insert into article(id,name,user_id) 
    values(?,?,?)

2018-07-24 11:35:53
[INFO]-[Thread: main]-[org.jleopard.session.sessionFactory.SessionDirectImpl.Save()]: 当前执行的sql语句: 
insert into article(id,name,user_id) 
    values(?,?,?)

2018-07-24 11:36:24
[INFO]-[Thread: main]-[org.jleopard.core.sql.DeleteSql.getSql()]:  生成的sql语句: delete from article
 where id=? and name=? and user_id=? 

2018-07-24 11:36:24
[INFO]-[Thread: main]-[org.jleopard.session.sessionFactory.SessionDirectImpl.Delete()]: 当前执行的sql语句: 
delete from article
 where id=? and name=? and user_id=? 

2018-07-24 11:36:52
[INFO]-[Thread: main]-[org.jleopard.core.sql.InsertSql.getSql()]:  生成的sql语句: insert into article(id,name,user_id) 
    values(?,?,?)

2018-07-24 11:36:52
[INFO]-[Thread: main]-[org.jleopard.session.sessionFactory.SessionDirectImpl.Save()]: 当前执行的sql语句: 
insert into article(id,name,user_id) 
    values(?,?,?)

2018-07-24 11:37:22
[INFO]-[Thread: main]-[org.jleopard.core.sql.InsertSql.getSql()]:  生成的sql语句: insert into article(name,user_id) 
    values(?,?)

2018-07-24 11:37:22
[INFO]-[Thread: main]-[org.jleopard.session.sessionFactory.SessionDirectImpl.Save()]: 当前执行的sql语句: 
insert into article(name,user_id) 
    values(?,?)

2018-07-24 11:37:35
[INFO]-[Thread: main]-[org.jleopard.core.sql.InsertSql.getSql()]:  生成的sql语句: insert into article(name,user_id) 
    values(?,?)

2018-07-24 11:37:35
[INFO]-[Thread: main]-[org.jleopard.session.sessionFactory.SessionDirectImpl.Save()]: 当前执行的sql语句: 
insert into article(name,user_id) 
    values(?,?)

2018-07-24 11:38:09
[INFO]-[Thread: main]-[org.jleopard.core.sql.InsertSql.getSql()]:  生成的sql语句: insert into article(name,user_id) 
    values(?,?)

2018-07-24 11:38:09
[INFO]-[Thread: main]-[org.jleopard.session.sessionFactory.SessionDirectImpl.Save()]: 当前执行的sql语句: 
insert into article(name,user_id) 
    values(?,?)

2018-07-24 11:39:37
[INFO]-[Thread: main]-[org.jleopard.core.sql.SelectSqlMore.getSql()]:  生成的sql语句: select id,name,user_id from article


2018-07-24 11:39:37
[INFO]-[Thread: main]-[org.jleopard.session.sessionFactory.SessionDirectImpl.Get()]: 当前执行的sql语句: 
select id,name,user_id from article


2018-07-24 11:40:12
[INFO]-[Thread: main]-[org.jleopard.core.sql.SelectSqlMore.getSql()]:  生成的sql语句: select ID,NAME,PHONE,ADDRESS from user


2018-07-24 11:40:12
[INFO]-[Thread: main]-[org.jleopard.session.sessionFactory.SessionDirectImpl.Get()]: 当前执行的sql语句: 
select ID,NAME,PHONE,ADDRESS from user


2018-07-24 11:41:38
[INFO]-[Thread: main]-[org.jleopard.core.sql.SelectSqlMore.getSql()]:  生成的sql语句: select id,name,user_id from article


2018-07-24 11:41:38
[INFO]-[Thread: main]-[org.jleopard.session.sessionFactory.SessionDirectImpl.Get()]: 当前执行的sql语句: 
select id,name,user_id from article

 where id =?

2018-07-24 11:43:02
[INFO]-[Thread: main]-[org.jleopard.core.sql.JoinSql.getSql()]: 生成的sql语句：select article.id,article.name,article.user_id,user.ID,user.NAME,user.PHONE,user.ADDRESS from article left join user
 on article.user_id=user.ID 

2018-07-24 11:43:02
[INFO]-[Thread: main]-[org.jleopard.session.sessionFactory.SessionDirectImpl.Get()]: 当前执行的sql语句: 
select article.id,article.name,article.user_id,user.ID,user.NAME,user.PHONE,user.ADDRESS from article left join user
 on article.user_id=user.ID  limit 0,9

2018-07-24 11:46:02
[INFO]-[Thread: main]-[org.jleopard.core.sql.JoinSql.getSql()]: 生成的sql语句：select article.id,article.name,article.user_id,user.ID,user.NAME,user.PHONE,user.ADDRESS from article left join user
 on article.user_id=user.ID 

2018-07-24 11:46:02
[INFO]-[Thread: main]-[org.jleopard.session.sessionFactory.SessionDirectImpl.Get()]: 当前执行的sql语句: 
select article.id,article.name,article.user_id,user.ID,user.NAME,user.PHONE,user.ADDRESS from article left join user
 on article.user_id=user.ID 

2018-07-24 12:02:43
[INFO]-[Thread: main]-[org.jleopard.core.sql.JoinSql.getSql()]: 生成的sql语句：select article.id,article.name,article.user_id,user.ID,user.NAME,user.PHONE,user.ADDRESS from article left join user
 on article.user_id=user.ID 

2018-07-24 12:02:43
[INFO]-[Thread: main]-[org.jleopard.session.sessionFactory.SessionDirectImpl.Get()]: 当前执行的sql语句: 
 	select article.id,article.name,article.user_id,user.ID,user.NAME,user.PHONE,user.ADDRESS from article left join user
 on article.user_id=user.ID Paramter: [Ljava.lang.Object;@401e7803

2018-07-24 12:05:38
[INFO]-[Thread: main]-[org.jleopard.core.sql.JoinSql.getSql()]: 生成的sql语句：select article.id,article.name,article.user_id,user.ID,user.NAME,user.PHONE,user.ADDRESS from article left join user
 on article.user_id=user.ID 

2018-07-24 12:05:38
[INFO]-[Thread: main]-[org.jleopard.session.sessionFactory.SessionDirectImpl.Get()]: 当前执行的sql语句: 
 	select article.id,article.name,article.user_id,user.ID,user.NAME,user.PHONE,user.ADDRESS from article left join user
 on article.user_id=user.ID Paramter: [Ljava.lang.Object;@401e7803


2018-07-24 12:06:15
[INFO]-[Thread: main]-[org.jleopard.core.sql.SelectSqlMore.getSql()]:  生成的sql语句: select id,name,user_id from article


2018-07-24 12:06:15
[INFO]-[Thread: main]-[org.jleopard.session.sessionFactory.SessionDirectImpl.Get()]: 当前执行的sql语句: 
select id,name,user_id from article



2018-07-24 12:06:35
[INFO]-[Thread: main]-[org.jleopard.core.sql.SelectSqlMore.getSql()]:  生成的sql语句: select id,name,user_id from article


2018-07-24 12:06:35
[INFO]-[Thread: main]-[org.jleopard.session.sessionFactory.SessionDirectImpl.Get()]: 当前执行的sql语句: 
 	select id,name,user_id from article

 where id =?Paramter: [Ljava.lang.Object;@43a0cee9


2018-07-24 12:07:45
[INFO]-[Thread: main]-[org.jleopard.core.sql.SelectSql.getSql()]:  生成的sql语句: select ID,NAME,PHONE,ADDRESS from user
   where ID=? and NAME=? and PHONE=? and ADDRESS=? 

2018-07-24 12:07:46
[INFO]-[Thread: main]-[org.jleopard.core.sql.SelectSqlMore.getSql()]:  生成的sql语句: select id,name,user_id from article


2018-07-24 12:07:46
[INFO]-[Thread: main]-[org.jleopard.session.sessionFactory.SessionDirectImpl.Get()]: 当前执行的sql语句: 
 	select id,name,user_id from article

 where id =?Paramter: [Ljava.lang.Object;@1786f9d5


2018-07-24 12:09:06
[INFO]-[Thread: main]-[org.jleopard.core.sql.SelectSqlMore.getSql()]:  生成的sql语句: select id,name,user_id from article


2018-07-24 12:09:06
[INFO]-[Thread: main]-[org.jleopard.session.sessionFactory.SessionDirectImpl.Get()]: 当前执行的sql语句: 
 	select id,name,user_id from article

 where id =?Paramter: [Ljava.lang.Object;@43a0cee9


2018-07-24 12:28:06
[INFO]-[Thread: main]-[org.jleopard.core.sql.SelectSqlMore.getSql()]:  生成的sql语句: select id,name,user_id from article


2018-07-24 12:28:06
[INFO]-[Thread: main]-[org.jleopard.session.sessionFactory.SessionDirectImpl.Get()]: 当前执行的sql语句: 
 	select id,name,user_id from article

 where id =?Paramter: [Ljava.lang.Object;@43a0cee9


2018-07-24 12:28:26
[INFO]-[Thread: main]-[org.jleopard.core.sql.SelectSqlMore.getSql()]:  生成的sql语句: select id,name,user_id from article


2018-07-24 12:28:26
[INFO]-[Thread: main]-[org.jleopard.session.sessionFactory.SessionDirectImpl.Get()]: 当前执行的sql语句: 
 	select id,name,user_id from article

 where id =?Paramter: [Ljava.lang.Object;@43a0cee9


2018-07-24 12:43:06
[INFO]-[Thread: main]-[org.jleopard.core.sql.SelectSqlMore.getSql()]:  生成的sql语句: select id,name,user_id from article


2018-07-24 12:45:51
[INFO]-[Thread: main]-[org.jleopard.core.sql.SelectSqlMore.getSql()]:  生成的sql语句: select id,name,user_id from article


2018-07-24 12:47:21
[INFO]-[Thread: main]-[org.jleopard.core.sql.SelectSqlMore.getSql()]:  生成的sql语句: select id,name,user_id from article


2018-07-24 12:49:53
[INFO]-[Thread: main]-[org.jleopard.core.sql.SelectSqlMore.getSql()]:  生成的sql语句: select id,name,user_id from article


2018-07-24 12:49:53
[INFO]-[Thread: main]-[org.jleopard.session.sessionFactory.DevModelHelper.outArrayParameter()]: 当前执行的sql语句: 
 	select id,name,user_id from article

 where id =?
 Paramters: 1003 


2018-07-24 12:57:09
[INFO]-[Thread: main]-[org.jleopard.core.sql.SelectSqlMore.getSql()]:  生成的sql语句: select id,name,user_id from article


2018-07-24 12:57:09
[INFO]-[Thread: main]-[org.jleopard.session.sessionFactory.DevModelHelper.outParameter()]: 当前执行的sql语句: 
 	select id,name,user_id from article

 Paramters: 


2018-07-24 12:58:33
[INFO]-[Thread: main]-[org.jleopard.core.sql.SelectSqlMore.getSql()]:  生成的sql语句: select id,name,user_id from article


2018-07-24 12:58:33
[INFO]-[Thread: main]-[org.jleopard.session.sessionFactory.DevModelHelper.outParameter()]: 当前执行的sql语句: 
 	select id,name,user_id from article



2018-07-24 12:58:33
[INFO]-[Thread: main]-[org.jleopard.session.sessionFactory.DevModelHelper.outParameter()]: 当前执行的sql语句: 
 	select id,name,user_id from article

 Paramters: 


2018-07-24 12:59:17
[INFO]-[Thread: main]-[org.jleopard.core.sql.SelectSqlMore.getSql()]:  生成的sql语句: select ID,NAME,PHONE,ADDRESS from user


2018-07-24 12:59:17
[INFO]-[Thread: main]-[org.jleopard.session.sessionFactory.DevModelHelper.outParameter()]: 当前执行的sql语句: 
 	select ID,NAME,PHONE,ADDRESS from user



2018-07-24 12:59:17
[INFO]-[Thread: main]-[org.jleopard.session.sessionFactory.DevModelHelper.outParameter()]: 当前执行的sql语句: 
 	select ID,NAME,PHONE,ADDRESS from user

 Paramters: 


2018-07-24 12:59:32
[INFO]-[Thread: main]-[org.jleopard.core.sql.SelectSql.getSql()]:  生成的sql语句: select ID,NAME,PHONE,ADDRESS from user
   where ID=? and NAME=? and PHONE=? and ADDRESS=? 

2018-07-24 12:59:32
[INFO]-[Thread: main]-[org.jleopard.session.sessionFactory.DevModelHelper.outParameter()]: 当前执行的sql语句: 
 	select ID,NAME,PHONE,ADDRESS from user
   where ID=? and NAME=? and PHONE=? and ADDRESS=? 
 Paramters: 10 leopard 15770549440 China002 


2018-07-24 13:13:36
[INFO]-[Thread: main]-[org.jleopard.generator.GeneratorFactory.openGenerator()]: Success ! 工程目标路径 : \src/main/java\com.leopardframework.entity

2018-07-24 13:14:29
[INFO]-[Thread: main]-[org.jleopard.generator.GeneratorFactory.openGenerator()]: Success ! 工程目标路径 : \/src/main/java/\com.leopardframework.entity

2018-07-24 13:15:29
[INFO]-[Thread: main]-[org.jleopard.generator.GeneratorFactory.openGenerator()]: Success ! 工程目标路径 : /src/main/java/com.leopardframework.entity

2018-07-24 13:26:53
[INFO]-[Thread: main]-[org.jleopard.generator.GeneratorFactory.openGenerator()]: Success ! 工程目标路径 : /src/main/java/com/leopardframework/entity/

2018-07-24 13:27:35
[INFO]-[Thread: main]-[org.jleopard.generator.GeneratorFactory.openGenerator()]: Success ! 工程目标路径 : /src/main/java/com/leopardframework/entity/

2018-07-24 13:29:31
[INFO]-[Thread: main]-[org.jleopard.generator.GeneratorFactory.openGenerator()]: Success ! 工程目标路径 : /src/main/java/com.leopardframework.entity

2018-07-24 13:31:50
[INFO]-[Thread: main]-[org.jleopard.generator.GeneratorFactory.openGenerator()]: Success ! 工程目标路径 : /src/main/java/com.leopardframework.entity

2018-07-24 13:35:02
[INFO]-[Thread: main]-[org.jleopard.core.sql.SelectSql.getSql()]:  生成的sql语句: select ID,NAME,PHONE,ADDRESS from user
   where ID=? and NAME=? and PHONE=? and ADDRESS=? 

2018-07-24 13:35:02
[INFO]-[Thread: main]-[org.jleopard.session.sessionFactory.DevModelHelper.outParameter()]: 当前执行的sql语句: 
 	select ID,NAME,PHONE,ADDRESS from user
   where ID=? and NAME=? and PHONE=? and ADDRESS=? 
 Paramters: 10 leopard 15770549440 China002 


2018-07-24 13:35:50
[INFO]-[Thread: main]-[org.jleopard.generator.GeneratorFactory.openGenerator()]: Success ! 工程目标路径 : /src/main/java/com.leopardframework.entity

2018-07-24 13:47:22
[INFO]-[Thread: main]-[org.jleopard.generator.GeneratorFactory.openGenerator()]: Success ! 工程目标路径 : /src/main/java/com.leopardframework.entity

2018-07-24 13:50:47
[INFO]-[Thread: main]-[org.jleopard.core.sql.SelectSql.getSql()]:  生成的sql语句: select ID,NAME,PHONE,ADDRESS from user
   where ID=? and NAME=? and PHONE=? and ADDRESS=? 

2018-07-24 13:50:47
[INFO]-[Thread: main]-[org.jleopard.generator.GeneratorFactory.openGenerator()]: Success ! 工程目标路径 : /src/main/java/com.leopardframework.entity

2018-07-24 13:50:47
[INFO]-[Thread: main]-[org.jleopard.core.sql.SelectSql.getSql()]:  生成的sql语句: select ID,NAME,PHONE,ADDRESS from user
   where ID=? and NAME=? and PHONE=? and ADDRESS=? 

2018-07-24 13:50:47
[INFO]-[Thread: main]-[org.jleopard.session.sessionFactory.DevModelHelper.outParameter()]: 当前执行的sql语句: 
 	select ID,NAME,PHONE,ADDRESS from user
   where ID=? and NAME=? and PHONE=? and ADDRESS=? 
 Paramters: 10 leopard 15770549440 China002 

